<?xml version="1.0" encoding="UTF-8" ?>
<testsuite errors="0" failures="1" hostname="Battop" name="ec.lab.CalTest" skipped="1" tests="4" time="0.052" timestamp="2024-03-17T00:27:31">
  <properties>
[...]
</properties>
  <testcase classname="ec.lab.CalTest" name="testSum" time="0.008">
    <failure message="expected:&lt;6&gt; but was:&lt;7&gt;" type="junit.framework.AssertionFailedError">junit.framework.AssertionFailedError: expected:&lt;6&gt; but was:&lt;7&gt;
	at ec.lab.CalTest.testSum(CalTest.java:32)
</failure>
  </testcase>
  <testcase classname="ec.lab.CalTest" name="testEqual" time="0.0">
    <skipped />
  </testcase>
  <testcase classname="ec.lab.CalTest" name="testDivisionException" time="0.0" />
  <testcase classname="ec.lab.CalTest" name="testDivison" time="0.0" />
  <system-out><![CDATA[This is executed before each Test
This is exceuted after each Test
This is executed before each Test
This is exceuted after each Test
This is executed before each Test
This is exceuted after each Test
]]></system-out>
  <system-err><![CDATA[]]></system-err>
</testsuite>
